<?xml version="1.0" encoding="UTF-8"?>
<!-- Generated by org.testng.reporters.JUnitXMLReporter -->
<testsuite ignored="0" hostname="LAPTOP-9AGJIQ9K" failures="0" tests="62" name="Default test" time="1356.965" errors="0" timestamp="2022-09-22T22:47:40 IST">
  <testcase classname="com.myelth.tests.HomePageTest" name="LogoTest" time="0.139"/>
  <testcase classname="com.myelth.tests.HomePageTest" name="HomeTextTest" time="0.136"/>
  <testcase classname="com.myelth.tests.HomePageTest" name="HomeTest" time="16.207"/>
  <testcase classname="com.myelth.tests.HomePageTest" name="PayersTextTest" time="0.063"/>
  <testcase classname="com.myelth.tests.HomePageTest" name="PayersTest" time="2.158"/>
  <testcase classname="com.myelth.tests.HomePageTest" name="blogTextTest" time="0.088"/>
  <testcase classname="com.myelth.tests.HomePageTest" name="BlogTest" time="2.103"/>
  <testcase classname="com.myelth.tests.HomePageTest" name="NewsTextTest" time="0.068"/>
  <testcase classname="com.myelth.tests.HomePageTest" name="NewsTest" time="2.102"/>
  <testcase classname="com.myelth.tests.HomePageTest" name="PlatformTextTest" time="0.089"/>
  <testcase classname="com.myelth.tests.HomePageTest" name="PlatformTest" time="4.687"/>
  <testcase classname="com.myelth.tests.HomePageTest" name="ProviderTextTest" time="0.083"/>
  <testcase classname="com.myelth.tests.HomePageTest" name="ProviderTest" time="2.04"/>
  <testcase classname="com.myelth.tests.HomePageTest" name="EmployerTextTest" time="0.061"/>
  <testcase classname="com.myelth.tests.HomePageTest" name="EmployerTest" time="3.498"/>
  <testcase classname="com.myelth.tests.HomePageTest" name="footerHomeTextTest" time="0.07"/>
  <testcase classname="com.myelth.tests.HomePageTest" name="footerHomeTest" time="16.213"/>
  <testcase classname="com.myelth.tests.HomePageTest" name="faqsTextTest" time="0.199"/>
  <testcase classname="com.myelth.tests.HomePageTest" name="faqsTest" time="2.803"/>
  <testcase classname="com.myelth.tests.HomePageTest" name="privacyPolicyTextTest" time="0.08"/>
  <testcase classname="com.myelth.tests.HomePageTest" name="privacyPolicyTest" time="1.22"/>
  <testcase classname="com.myelth.tests.HomePageTest" name="TermsAndConditionsTextTest" time="0.114"/>
  <testcase classname="com.myelth.tests.HomePageTest" name="TermsAndConditionsTest" time="1.358"/>
  <testcase classname="com.myelth.tests.HomePageTest" name="contactUsTest" time="0.072"/>
  <testcase classname="com.myelth.tests.HomePageTest" name="contactUsTextTest" time="16.177"/>
  <testcase classname="com.myelth.tests.HomePageTest" name="aboutUsTextTest" time="0.055"/>
  <testcase classname="com.myelth.tests.HomePageTest" name="aboutUsTest" time="2.034"/>
  <testcase classname="com.myelth.tests.HomePageTest" name="sliderImageTest" time="22.531"/>
  <testcase classname="com.myelth.tests.HomePageTest" name="sliderTextTest" time="0.199"/>
  <testcase classname="com.myelth.tests.HomePageTest" name="videoDisplayTest" time="0.177"/>
  <testcase classname="com.myelth.tests.HomePageTest" name="videofunctionalityTest" time="3.093"/>
  <testcase classname="com.myelth.tests.HomePageTest" name="sideNavDotsTest" time="0.698"/>
  <testcase classname="com.myelth.tests.HomePageTest" name="searchForCare_readMoreBtnDiplayTest" time="0.087"/>
  <testcase classname="com.myelth.tests.HomePageTest" name="searchForCare_readMoreBtnTest" time="1.744"/>
  <testcase classname="com.myelth.tests.HomePageTest" name="accessToRealtimeCoverage_readMoreBtnDisplayTest" time="0.1"/>
  <testcase classname="com.myelth.tests.HomePageTest" name="accessToRealtimeCoverage_readMoreBtnTest" time="2.076"/>
  <testcase classname="com.myelth.tests.HomePageTest" name="aggregateElectronicHealthRecords_readMoreBtnDisplayTest" time="0.082"/>
  <testcase classname="com.myelth.tests.HomePageTest" name="aggregateElectronicHealthRecords_readMoreBtnTest" time="2.141"/>
  <testcase classname="com.myelth.tests.HomePageTest" name="earnRewardsAndIncentives_readMoreBtnDisplayTest" time="0.13"/>
  <testcase classname="com.myelth.tests.HomePageTest" name="earnRewardsAndIncentives_readMoreBtnTest" time="2.019"/>
  <testcase classname="com.myelth.tests.HomePageTest" name="shareHealthInformation_readMoreBtnDisplayTest" time="0.07"/>
  <testcase classname="com.myelth.tests.HomePageTest" name="shareHealthInformation_readMoreBtnTest" time="3.343"/>
  <testcase classname="com.myelth.tests.HomePageTest" name="manageEntireFamilysHealth_readMoreBtnDisplayTest" time="0.059"/>
  <testcase classname="com.myelth.tests.HomePageTest" name="manageEntireFamilysHealth_readMoreBtnTest" time="0.962"/>
  <testcase classname="com.myelth.tests.HomePageTest" name="certificationsImageDisplayTest" time="3.122"/>
  <testcase classname="com.myelth.tests.HomePageTest" name="certificationsImageTest" time="3.143"/>
  <testcase classname="com.myelth.tests.HomePageTest" name="availableOnAppStoreImageTest" time="0.947"/>
  <testcase classname="com.myelth.tests.HomePageTest" name="availableOnAppStoreTest" time="5.994"/>
  <testcase classname="com.myelth.tests.HomePageTest" name="GetItOnGooglePlayImageTest" time="1.024"/>
  <testcase classname="com.myelth.tests.HomePageTest" name="GetItOnGooglePlayTest" time="2.523"/>
  <testcase classname="com.myelth.tests.HomePageTest" name="copyRightTest" time="0.119"/>
  <testcase classname="com.myelth.tests.HomePageTest" name="facebookDisplayTest" time="0.116"/>
  <testcase classname="com.myelth.tests.HomePageTest" name="facebookTest" time="2.437"/>
  <testcase classname="com.myelth.tests.HomePageTest" name="twitterDisplayTest" time="0.082"/>
  <testcase classname="com.myelth.tests.HomePageTest" name="twitterTest" time="2.658"/>
  <testcase classname="com.myelth.tests.HomePageTest" name="instagramDisplayTest" time="0.033"/>
  <testcase classname="com.myelth.tests.HomePageTest" name="instagramTest" time="1.245"/>
  <testcase classname="com.myelth.tests.HomePageTest" name="contactUs_btnDisplayTest" time="0.123"/>
  <testcase classname="com.myelth.tests.HomePageTest" name="contactUs_btnTest" time="16.68"/>
  <testcase classname="com.myelth.tests.HomePageTest" name="arrowPreviousTest" time="6.182"/>
  <testcase classname="com.myelth.tests.HomePageTest" name="arrowNextTest" time="6.221"/>
  <testcase classname="com.myelth.tests.HomePageTest" name="sliderDotsTest" time="0.264"/>
</testsuite> <!-- Default test -->
